<?xml version="1.0" encoding="UTF-8"?>
<testng-results skipped="0" failed="0" ignored="0" total="1" passed="1">
  <reporter-output>
  </reporter-output>
  <suite name="Default suite" duration-ms="11740" started-at="2018-06-10T10:56:07Z" finished-at="2018-06-10T10:56:19Z">
    <groups>
    </groups>
    <test name="Default test" duration-ms="11740" started-at="2018-06-10T10:56:07Z" finished-at="2018-06-10T10:56:19Z">
      <class name="Grid.CrystalCruises">
        <test-method status="PASS" signature="crystalCruises()[pri:0, instance:Grid.CrystalCruises@14ba872]" name="crystalCruises" duration-ms="11705" started-at="2018-06-10T10:56:07Z" finished-at="2018-06-10T10:56:19Z">
          <reporter-output>
          </reporter-output>
        </test-method> <!-- crystalCruises -->
      </class> <!-- Grid.CrystalCruises -->
    </test> <!-- Default test -->
  </suite> <!-- Default suite -->
</testng-results>
