<?xml version="1.0" encoding="UTF-8"?>
<testng-results skipped="0" failed="0" ignored="0" total="2" passed="2">
  <reporter-output>
  </reporter-output>
  <suite name="Default suite" duration-ms="52500" started-at="2018-06-03T05:26:26Z" finished-at="2018-06-03T05:27:18Z">
    <groups>
    </groups>
    <test name="Default test" duration-ms="52500" started-at="2018-06-03T05:26:26Z" finished-at="2018-06-03T05:27:18Z">
      <class name="testcases.TC003_CreateLead">
        <test-method status="PASS" signature="beforeSuite()[pri:0, instance:testcases.TC003_CreateLead@e81285]" name="beforeSuite" is-config="true" duration-ms="313" started-at="2018-06-03T05:26:25Z" finished-at="2018-06-03T05:26:26Z">
          <reporter-output>
          </reporter-output>
        </test-method> <!-- beforeSuite -->
        <test-method status="PASS" signature="setData()[pri:0, instance:testcases.TC003_CreateLead@e81285]" name="setData" is-config="true" duration-ms="0" started-at="2018-06-03T05:26:26Z" finished-at="2018-06-03T05:26:26Z">
          <reporter-output>
          </reporter-output>
        </test-method> <!-- setData -->
        <test-method status="PASS" signature="beforeClass()[pri:0, instance:testcases.TC003_CreateLead@e81285]" name="beforeClass" is-config="true" duration-ms="0" started-at="2018-06-03T05:26:26Z" finished-at="2018-06-03T05:26:26Z">
          <reporter-output>
          </reporter-output>
        </test-method> <!-- beforeClass -->
        <test-method status="PASS" signature="beforeMethod()[pri:0, instance:testcases.TC003_CreateLead@e81285]" name="beforeMethod" is-config="true" duration-ms="7901" started-at="2018-06-03T05:26:26Z" finished-at="2018-06-03T05:26:34Z">
          <reporter-output>
          </reporter-output>
        </test-method> <!-- beforeMethod -->
        <test-method status="PASS" signature="createLead(java.lang.String, java.lang.String, java.lang.String, java.lang.String, java.lang.String, java.lang.String, java.lang.String)[pri:0, instance:testcases.TC003_CreateLead@e81285]" name="createLead" duration-ms="17829" started-at="2018-06-03T05:26:34Z" data-provider="fetchData" finished-at="2018-06-03T05:26:52Z">
          <params>
            <param index="0">
              <value>
                <![CDATA[DemoSalesManager]]>
              </value>
            </param>
            <param index="1">
              <value>
                <![CDATA[crmsfa]]>
              </value>
            </param>
            <param index="2">
              <value>
                <![CDATA[TestLeaf]]>
              </value>
            </param>
            <param index="3">
              <value>
                <![CDATA[Nivetha]]>
              </value>
            </param>
            <param index="4">
              <value>
                <![CDATA[Selvam]]>
              </value>
            </param>
            <param index="5">
              <value>
                <![CDATA[nivethaselvam5@gmail.com]]>
              </value>
            </param>
            <param index="6">
              <value>
                <![CDATA[122353568]]>
              </value>
            </param>
          </params>
          <reporter-output>
          </reporter-output>
        </test-method> <!-- createLead -->
        <test-method status="PASS" signature="afterMethod()[pri:0, instance:testcases.TC003_CreateLead@e81285]" name="afterMethod" is-config="true" duration-ms="954" started-at="2018-06-03T05:26:52Z" finished-at="2018-06-03T05:26:53Z">
          <reporter-output>
          </reporter-output>
        </test-method> <!-- afterMethod -->
        <test-method status="PASS" signature="beforeMethod()[pri:0, instance:testcases.TC003_CreateLead@e81285]" name="beforeMethod" is-config="true" duration-ms="7189" started-at="2018-06-03T05:26:53Z" finished-at="2018-06-03T05:27:00Z">
          <reporter-output>
          </reporter-output>
        </test-method> <!-- beforeMethod -->
        <test-method status="PASS" signature="createLead(java.lang.String, java.lang.String, java.lang.String, java.lang.String, java.lang.String, java.lang.String, java.lang.String)[pri:0, instance:testcases.TC003_CreateLead@e81285]" name="createLead" duration-ms="17081" started-at="2018-06-03T05:27:00Z" data-provider="fetchData" finished-at="2018-06-03T05:27:17Z">
          <params>
            <param index="0">
              <value>
                <![CDATA[DemoSalesManager]]>
              </value>
            </param>
            <param index="1">
              <value>
                <![CDATA[crmsfa]]>
              </value>
            </param>
            <param index="2">
              <value>
                <![CDATA[TestLeaf]]>
              </value>
            </param>
            <param index="3">
              <value>
                <![CDATA[Swetha]]>
              </value>
            </param>
            <param index="4">
              <value>
                <![CDATA[Selvam]]>
              </value>
            </param>
            <param index="5">
              <value>
                <![CDATA[swethaselvam5@gmail.com]]>
              </value>
            </param>
            <param index="6">
              <value>
                <![CDATA[987654321]]>
              </value>
            </param>
          </params>
          <reporter-output>
          </reporter-output>
        </test-method> <!-- createLead -->
        <test-method status="PASS" signature="afterMethod()[pri:0, instance:testcases.TC003_CreateLead@e81285]" name="afterMethod" is-config="true" duration-ms="938" started-at="2018-06-03T05:27:17Z" finished-at="2018-06-03T05:27:18Z">
          <reporter-output>
          </reporter-output>
        </test-method> <!-- afterMethod -->
        <test-method status="PASS" signature="afterTest()[pri:0, instance:testcases.TC003_CreateLead@e81285]" name="afterTest" is-config="true" duration-ms="0" started-at="2018-06-03T05:27:18Z" finished-at="2018-06-03T05:27:18Z">
          <reporter-output>
          </reporter-output>
        </test-method> <!-- afterTest -->
        <test-method status="PASS" signature="afterSuite()[pri:0, instance:testcases.TC003_CreateLead@e81285]" name="afterSuite" is-config="true" duration-ms="267" started-at="2018-06-03T05:27:18Z" finished-at="2018-06-03T05:27:18Z">
          <reporter-output>
          </reporter-output>
        </test-method> <!-- afterSuite -->
      </class> <!-- testcases.TC003_CreateLead -->
    </test> <!-- Default test -->
  </suite> <!-- Default suite -->
</testng-results>
