<?xml version="1.0" encoding="UTF-8"?>
<!-- Generated by org.testng.reporters.JUnitXMLReporter -->
<testsuite hostname="INCHCMLP02601" ignored="0" name="LearningTestNGwithAttributes" tests="3" failures="1" timestamp="26 May 2018 06:37:07 GMT" time="45.421" errors="0">
  <testcase name="createLead" time="28.64" classname="testcases.Lead.CreateLead"/>
  <testcase name="createLead" time="16.573" classname="testcases.Lead.CreateLead"/>
  <testcase name="editLead" time="0.0" classname="testcases.Lead.EditLead">
    <failure type="java.lang.NullPointerException">
      <![CDATA[java.lang.NullPointerException
at wdMethods.SeMethods.locateElement(SeMethods.java:92)
at testcases.Lead.EditLead.editLead(EditLead.java:13)
... Removed 25 stack frames]]>
    </failure>
  </testcase> <!-- editLead -->
</testsuite> <!-- LearningTestNGwithAttributes -->
